<?xml version="1.0" encoding="UTF-8"?>
<testsuite xmlns:xsi="http://www.w3.org/2001/XMLSchema-instance" xsi:noNamespaceSchemaLocation="https://maven.apache.org/surefire/maven-surefire-plugin/xsd/surefire-test-report.xsd" version="3.0.2" name="com.example.demo.VehicleServiceApplicationTests" time="17.696" tests="1" errors="0" skipped="0" failures="0">
  <properties>
[...]
</properties>
  <testcase name="contextLoads" classname="com.example.demo.VehicleServiceApplicationTests" time="1.278">
    <system-out><![CDATA[22:46:01.107 [main] INFO org.springframework.test.context.support.AnnotationConfigContextLoaderUtils -- Could not detect default configuration classes for test class [com.example.demo.VehicleServiceApplicationTests]: VehicleServiceApplicationTests does not declare any static, non-private, non-final, nested classes annotated with @Configuration.
22:46:01.278 [main] INFO org.springframework.boot.test.context.SpringBootTestContextBootstrapper -- Found @SpringBootConfiguration com.example.demo.VehicleServiceApplication for test class com.example.demo.VehicleServiceApplicationTests

  .   ____          _            __ _ _
 /\\ / ___'_ __ _ _(_)_ __  __ _ \ \ \ \
( ( )\___ | '_ | '_| | '_ \/ _` | \ \ \ \
 \\/  ___)| |_)| | | | | || (_| |  ) ) ) )
  '  |____| .__|_| |_|_| |_\__, | / / / /
 =========|_|==============|___/=/_/_/_/

 :: Spring Boot ::                (v4.0.3)

2026-02-25T22:46:02.884+05:30  INFO 5536 --- [Vehicle-service] [           main] c.e.demo.VehicleServiceApplicationTests  : Starting VehicleServiceApplicationTests using Java 21.0.9 with PID 5536 (started by keerthan.marathe in C:\Users\keerthan.marathe\Desktop\capstron\Vehicle-service)
2026-02-25T22:46:02.887+05:30  INFO 5536 --- [Vehicle-service] [           main] c.e.demo.VehicleServiceApplicationTests  : No active profile set, falling back to 1 default profile: "default"
2026-02-25T22:46:05.253+05:30  INFO 5536 --- [Vehicle-service] [           main] .s.d.r.c.RepositoryConfigurationDelegate : Bootstrapping Spring Data JPA repositories in DEFAULT mode.
2026-02-25T22:46:05.476+05:30  INFO 5536 --- [Vehicle-service] [           main] .s.d.r.c.RepositoryConfigurationDelegate : Finished Spring Data repository scanning in 198 ms. Found 1 JPA repository interface.
2026-02-25T22:46:06.162+05:30  INFO 5536 --- [Vehicle-service] [           main] o.s.cloud.context.scope.GenericScope     : BeanFactory id=e52c78c7-217d-3354-8aff-156571ed673c
2026-02-25T22:46:07.193+05:30  INFO 5536 --- [Vehicle-service] [           main] org.hibernate.orm.jpa                    : HHH008540: Processing PersistenceUnitInfo [name: default]
2026-02-25T22:46:07.453+05:30  INFO 5536 --- [Vehicle-service] [           main] org.hibernate.orm.core                   : HHH000001: Hibernate ORM core version 7.2.4.Final
2026-02-25T22:46:08.888+05:30  INFO 5536 --- [Vehicle-service] [           main] o.s.o.j.p.SpringPersistenceUnitInfo      : No LoadTimeWeaver setup: ignoring JPA class transformer
2026-02-25T22:46:08.947+05:30  INFO 5536 --- [Vehicle-service] [           main] com.zaxxer.hikari.HikariDataSource       : HikariPool-1 - Starting...
2026-02-25T22:46:09.540+05:30  INFO 5536 --- [Vehicle-service] [           main] com.zaxxer.hikari.pool.HikariPool        : HikariPool-1 - Added connection org.postgresql.jdbc.PgConnection@60484429
2026-02-25T22:46:09.542+05:30  INFO 5536 --- [Vehicle-service] [           main] com.zaxxer.hikari.HikariDataSource       : HikariPool-1 - Start completed.
2026-02-25T22:46:09.641+05:30  INFO 5536 --- [Vehicle-service] [           main] org.hibernate.orm.connections.pooling    : HHH10001005: Database info:
	Database JDBC URL [jdbc:postgresql://localhost:5432/dealerdb]
	Database driver: PostgreSQL JDBC Driver
	Database dialect: PostgreSQLDialect
	Database version: 17.4
	Default catalog/schema: dealerdb/public
	Autocommit mode: undefined/unknown
	Isolation level: READ_COMMITTED [default READ_COMMITTED]
	JDBC fetch size: none
	Pool: DataSourceConnectionProvider
	Minimum pool size: undefined/unknown
	Maximum pool size: undefined/unknown
2026-02-25T22:46:11.491+05:30  INFO 5536 --- [Vehicle-service] [           main] org.hibernate.orm.core                   : HHH000489: No JTA platform available (set 'hibernate.transaction.jta.platform' to enable JTA platform integration)
2026-02-25T22:46:11.779+05:30  INFO 5536 --- [Vehicle-service] [           main] j.LocalContainerEntityManagerFactoryBean : Initialized JPA EntityManagerFactory for persistence unit 'default'
2026-02-25T22:46:12.053+05:30  INFO 5536 --- [Vehicle-service] [           main] o.s.d.j.r.query.QueryEnhancerFactories   : Hibernate is in classpath; If applicable, HQL parser will be used.
2026-02-25T22:46:12.912+05:30  WARN 5536 --- [Vehicle-service] [           main] JpaBaseConfiguration$JpaWebConfiguration : spring.jpa.open-in-view is enabled by default. Therefore, database queries may be performed during view rendering. Explicitly configure spring.jpa.open-in-view to disable this warning
2026-02-25T22:46:14.552+05:30  WARN 5536 --- [Vehicle-service] [           main] .s.a.UserDetailsServiceAutoConfiguration : 

Using generated security password: 74a83d84-2591-439e-a389-6bfa4ff27fd7

This generated password is for development use only. Your security configuration must be updated before running your application in production.

2026-02-25T22:46:14.769+05:30  INFO 5536 --- [Vehicle-service] [           main] r$InitializeUserDetailsManagerConfigurer : Global AuthenticationManager configured with UserDetailsService bean with name inMemoryUserDetailsManager
2026-02-25T22:46:15.787+05:30  INFO 5536 --- [Vehicle-service] [           main] DiscoveryClientOptionalArgsConfiguration : Eureka HTTP Client uses RestClient.
2026-02-25T22:46:15.958+05:30  WARN 5536 --- [Vehicle-service] [           main] iguration$LoadBalancerCaffeineWarnLogger : Spring Cloud LoadBalancer is currently working with the default cache. While this cache implementation is useful for development and tests, it's recommended to use Caffeine cache in production.You can switch to using Caffeine cache, by adding it and org.springframework.cache.caffeine.CaffeineCacheManager to the classpath.
2026-02-25T22:46:16.050+05:30  INFO 5536 --- [Vehicle-service] [           main] o.s.c.n.eureka.InstanceInfoFactory       : Setting initial instance status as: STARTING
2026-02-25T22:46:16.130+05:30  INFO 5536 --- [Vehicle-service] [           main] com.netflix.discovery.DiscoveryClient    : Initializing Eureka in region us-east-1
2026-02-25T22:46:16.136+05:30  INFO 5536 --- [Vehicle-service] [           main] c.n.d.s.r.aws.ConfigClusterResolver      : Resolving eureka endpoints via configuration
2026-02-25T22:46:16.152+05:30  INFO 5536 --- [Vehicle-service] [           main] com.netflix.discovery.DiscoveryClient    : Disable delta property : false
2026-02-25T22:46:16.152+05:30  INFO 5536 --- [Vehicle-service] [           main] com.netflix.discovery.DiscoveryClient    : Single vip registry refresh property : null
2026-02-25T22:46:16.152+05:30  INFO 5536 --- [Vehicle-service] [           main] com.netflix.discovery.DiscoveryClient    : Force full registry fetch : false
2026-02-25T22:46:16.152+05:30  INFO 5536 --- [Vehicle-service] [           main] com.netflix.discovery.DiscoveryClient    : Application is null : false
2026-02-25T22:46:16.152+05:30  INFO 5536 --- [Vehicle-service] [           main] com.netflix.discovery.DiscoveryClient    : Registered Applications size is zero : true
2026-02-25T22:46:16.153+05:30  INFO 5536 --- [Vehicle-service] [           main] com.netflix.discovery.DiscoveryClient    : Application version is -1: true
2026-02-25T22:46:16.153+05:30  INFO 5536 --- [Vehicle-service] [           main] com.netflix.discovery.DiscoveryClient    : Getting all instance registry info from the eureka server
2026-02-25T22:46:16.808+05:30  INFO 5536 --- [Vehicle-service] [           main] com.netflix.discovery.DiscoveryClient    : The response status is 200
2026-02-25T22:46:16.814+05:30  INFO 5536 --- [Vehicle-service] [           main] com.netflix.discovery.DiscoveryClient    : Starting heartbeat executor: renew interval is: 30
2026-02-25T22:46:16.818+05:30  INFO 5536 --- [Vehicle-service] [           main] c.n.discovery.InstanceInfoReplicator     : InstanceInfoReplicator onDemand update allowed rate per min is 4
2026-02-25T22:46:16.821+05:30  INFO 5536 --- [Vehicle-service] [           main] com.netflix.discovery.DiscoveryClient    : Discovery Client initialized at timestamp 1772039776820 with initial instances count: 6
2026-02-25T22:46:16.827+05:30  INFO 5536 --- [Vehicle-service] [           main] o.s.c.n.e.s.EurekaServiceRegistry        : Registering application VEHICLE-SERVICE with eureka with status UP
2026-02-25T22:46:16.828+05:30  INFO 5536 --- [Vehicle-service] [           main] com.netflix.discovery.DiscoveryClient    : Saw local status change event StatusChangeEvent [timestamp=1772039776828, current=UP, previous=STARTING]
2026-02-25T22:46:16.832+05:30  INFO 5536 --- [Vehicle-service] [foReplicator-%d] com.netflix.discovery.DiscoveryClient    : DiscoveryClient_VEHICLE-SERVICE/IBLW5CD413DG3F:Vehicle-service:8085: registering service...
2026-02-25T22:46:16.848+05:30  INFO 5536 --- [Vehicle-service] [           main] c.e.demo.VehicleServiceApplicationTests  : Started VehicleServiceApplicationTests in 14.783 seconds (process running for 18.613)
2026-02-25T22:46:16.981+05:30  INFO 5536 --- [Vehicle-service] [foReplicator-%d] com.netflix.discovery.DiscoveryClient    : DiscoveryClient_VEHICLE-SERVICE/IBLW5CD413DG3F:Vehicle-service:8085 - registration status: 204
]]></system-out>
    <system-err><![CDATA[Mockito is currently self-attaching to enable the inline-mock-maker. This will no longer work in future releases of the JDK. Please add Mockito as an agent to your build as described in Mockito's documentation: https://javadoc.io/doc/org.mockito/mockito-core/latest/org.mockito/org/mockito/Mockito.html#0.3
WARNING: A Java agent has been loaded dynamically (C:\Users\keerthan.marathe\.m2\repository\net\bytebuddy\byte-buddy-agent\1.17.8\byte-buddy-agent-1.17.8.jar)
WARNING: If a serviceability tool is in use, please run with -XX:+EnableDynamicAgentLoading to hide this warning
WARNING: If a serviceability tool is not in use, please run with -Djdk.instrument.traceUsage for more information
WARNING: Dynamic loading of agents will be disallowed by default in a future release
]]></system-err>
  </testcase>
</testsuite>